<?xml version="1.0" encoding="UTF-8"?>
<testsuite name="com.genspark.employee.EmployeeManagementSystemApplicationTests" tests="1" skipped="0" failures="0" errors="0" timestamp="2025-05-10T16:52:28.046Z" hostname="LAPTOP-H3MHTOVR" time="0.787">
  <properties/>
  <testcase name="contextLoads()" classname="com.genspark.employee.EmployeeManagementSystemApplicationTests" time="0.787"/>
  <system-out><![CDATA[22:22:26.431 [Test worker] INFO org.springframework.test.context.support.AnnotationConfigContextLoaderUtils -- Could not detect default configuration classes for test class [com.genspark.employee.EmployeeManagementSystemApplicationTests]: EmployeeManagementSystemApplicationTests does not declare any static, non-private, non-final, nested classes annotated with @Configuration.
22:22:26.558 [Test worker] INFO org.springframework.boot.test.context.SpringBootTestContextBootstrapper -- Found @SpringBootConfiguration com.genspark.employee.EmployeeManagementSystemApplication for test class com.genspark.employee.EmployeeManagementSystemApplicationTests

  .   ____          _            __ _ _
 /\\ / ___'_ __ _ _(_)_ __  __ _ \ \ \ \
( ( )\___ | '_ | '_| | '_ \/ _` | \ \ \ \
 \\/  ___)| |_)| | | | | || (_| |  ) ) ) )
  '  |____| .__|_| |_|_| |_\__, | / / / /
 =========|_|==============|___/=/_/_/_/

 :: Spring Boot ::                (v3.4.5)

2025-05-10T22:22:27.009+05:30  INFO 21064 --- [Employee Management System] [    Test worker] EmployeeManagementSystemApplicationTests : Starting EmployeeManagementSystemApplicationTests using Java 21.0.7 with PID 21064 (started by zulia in C:\Users\zulia\Downloads\employee\employee)
2025-05-10T22:22:27.009+05:30  INFO 21064 --- [Employee Management System] [    Test worker] EmployeeManagementSystemApplicationTests : No active profile set, falling back to 1 default profile: "default"
2025-05-10T22:22:28.039+05:30  INFO 21064 --- [Employee Management System] [    Test worker] EmployeeManagementSystemApplicationTests : Started EmployeeManagementSystemApplicationTests in 1.284 seconds (process running for 2.398)
]]></system-out>
  <system-err><![CDATA[Mockito is currently self-attaching to enable the inline-mock-maker. This will no longer work in future releases of the JDK. Please add Mockito as an agent to your build what is described in Mockito's documentation: https://javadoc.io/doc/org.mockito/mockito-core/latest/org/mockito/Mockito.html#0.3
WARNING: A Java agent has been loaded dynamically (C:\Users\zulia\.gradle\caches\modules-2\files-2.1\net.bytebuddy\byte-buddy-agent\1.15.11\a38b16385e867f59a641330f0362ebe742788ed8\byte-buddy-agent-1.15.11.jar)
WARNING: If a serviceability tool is in use, please run with -XX:+EnableDynamicAgentLoading to hide this warning
WARNING: If a serviceability tool is not in use, please run with -Djdk.instrument.traceUsage for more information
WARNING: Dynamic loading of agents will be disallowed by default in a future release
]]></system-err>
</testsuite>
